Testsuite: oracle.json.tests.soda.test_OracleCollectionAdmin
Tests run: 32, Failures: 2, Errors: 1, Time elapsed: 228.345 sec

------------- Standard Output ---------------
23.0
23.0
23.0
23.0
23.0
23.0
23.0
23.0
23.0
23.0
23.0
23.0
23.0
23.0
23.0
23.0
23.0
23.0
------------- ---------------- ---------------
Testcase: testAnyScalarJsonIndex(oracle.json.tests.soda.test_OracleCollectionAdmin):	FAILED
Any Scalar Index range scan is not found.
junit.framework.AssertionFailedError: Any Scalar Index range scan is not found.
	at oracle.json.tests.soda.test_OracleCollectionAdmin.testAnyScalarJsonIndex(test_OracleCollectionAdmin.java:1335)
	at java.base/jdk.internal.reflect.NativeMethodAccessorImpl.invoke0(Native Method)
	at java.base/jdk.internal.reflect.NativeMethodAccessorImpl.invoke(NativeMethodAccessorImpl.java:62)
	at java.base/jdk.internal.reflect.DelegatingMethodAccessorImpl.invoke(DelegatingMethodAccessorImpl.java:43)
	at oracle.json.testharness.JsonTestCase.run(JsonTestCase.java:40)


Testcase: testAnyScalarIndex(oracle.json.tests.soda.test_OracleCollectionAdmin):	FAILED
Any Scalar Index range scan is not found.
junit.framework.AssertionFailedError: Any Scalar Index range scan is not found.
	at oracle.json.tests.soda.test_OracleCollectionAdmin.testAnyScalarIndex(test_OracleCollectionAdmin.java:1124)
	at java.base/jdk.internal.reflect.NativeMethodAccessorImpl.invoke0(Native Method)
	at java.base/jdk.internal.reflect.NativeMethodAccessorImpl.invoke(NativeMethodAccessorImpl.java:62)
	at java.base/jdk.internal.reflect.DelegatingMethodAccessorImpl.invoke(DelegatingMethodAccessorImpl.java:43)
	at oracle.json.testharness.JsonTestCase.run(JsonTestCase.java:40)


Testcase: testGetDescription(oracle.json.tests.soda.test_OracleCollectionAdmin):	Caused an ERROR
null
oracle.soda.rdbms.impl.SODAUtils$1OracleSQLException
	at oracle.soda.rdbms.impl.SODAUtils.makeExceptionWithSQLText(SODAUtils.java:124)
	at oracle.soda.rdbms.impl.SODAUtils.makeExceptionWithSQLText(SODAUtils.java:87)
	at oracle.soda.rdbms.impl.OracleDatabaseImpl.callCreatePLSQL(OracleDatabaseImpl.java:2028)
	at oracle.soda.rdbms.impl.OracleDatabaseImpl.createCollection(OracleDatabaseImpl.java:809)
	at oracle.soda.rdbms.impl.OracleDatabaseImpl.createCollection(OracleDatabaseImpl.java:1088)
	at oracle.soda.rdbms.impl.OracleDatabaseImpl.access$200(OracleDatabaseImpl.java:76)
	at oracle.soda.rdbms.impl.OracleDatabaseImpl$OracleDatabaseAdministrationImpl.createCollection(OracleDatabaseImpl.java:2901)
	at oracle.json.tests.soda.test_OracleCollectionAdmin.testGetDescription(test_OracleCollectionAdmin.java:252)
	at java.base/jdk.internal.reflect.NativeMethodAccessorImpl.invoke0(Native Method)
	at java.base/jdk.internal.reflect.NativeMethodAccessorImpl.invoke(NativeMethodAccessorImpl.java:62)
	at java.base/jdk.internal.reflect.DelegatingMethodAccessorImpl.invoke(DelegatingMethodAccessorImpl.java:43)
	at oracle.json.testharness.JsonTestCase.run(JsonTestCase.java:40)
Caused by: java.sql.SQLException: ORA-28361: Master key not yet set.

https://docs.oracle.com/error-help/db/ora-28361/
	at oracle.jdbc.driver.T4CTTIoer11.processError(T4CTTIoer11.java:702)
	at oracle.jdbc.driver.T4CTTIoer11.processError(T4CTTIoer11.java:608)
	at oracle.jdbc.driver.T4C8Oall.processError(T4C8Oall.java:1277)
	at oracle.jdbc.driver.T4CTTIfun.receive(T4CTTIfun.java:1102)
	at oracle.jdbc.driver.T4CTTIfun.doRPC(T4CTTIfun.java:456)
	at oracle.jdbc.driver.T4C8Oall.doOALL(T4C8Oall.java:482)
	at oracle.jdbc.driver.T4CCallableStatement.doOall8(T4CCallableStatement.java:216)
	at oracle.jdbc.driver.T4CCallableStatement.executeForRows(T4CCallableStatement.java:1164)
	at oracle.jdbc.driver.OracleStatement.executeSQLStatement(OracleStatement.java:1652)
	at oracle.jdbc.driver.OracleStatement.doExecuteWithTimeout(OracleStatement.java:1417)
	at oracle.jdbc.driver.OraclePreparedStatement.executeInternal(OraclePreparedStatement.java:3731)
	at oracle.jdbc.driver.OraclePreparedStatement.execute(OraclePreparedStatement.java:3945)
	at oracle.jdbc.driver.OracleCallableStatement.execute(OracleCallableStatement.java:4202)
	at oracle.jdbc.driver.OraclePreparedStatementWrapper.execute(OraclePreparedStatementWrapper.java:1011)
	at oracle.soda.rdbms.impl.OracleDatabaseImpl.callCreatePLSQL(OracleDatabaseImpl.java:1964)
Caused by: Error : 28361, Position : 0, SQL = begin
  DBMS_SODA_ADMIN.CREATE_COLLECTION(
                   P_URI_NAME    => :1 ,
                   P_CREATE_MODE => :2 ,
                   P_DESCRIPTOR  => :3 ,
                   P_CREATE_TIME => :4 ,
                   P_23C_DRIVER => true);
end;, Original SQL = begin
  DBMS_SODA_ADMIN.CREATE_COLLECTION(
                   P_URI_NAME    => ?,
                   P_CREATE_MODE => ?,
                   P_DESCRIPTOR  => ?,
                   P_CREATE_TIME => ?,
                   P_23C_DRIVER => true);
end;, Error Message = ORA-28361: Master key not yet set.

	at oracle.jdbc.driver.T4CTTIoer11.processError(T4CTTIoer11.java:710)


